<?xml version="1.0" encoding="UTF-8"?>
<testsuite name="GameOfLifeTest" tests="1" skipped="0" failures="1" errors="0" timestamp="2020-10-22T19:45:16" hostname="WIN10" time="0.569">
  <properties/>
  <testcase name="start" classname="GameOfLifeTest" time="0.569">
    <failure message="java.lang.AssertionError: Wrong answer in test #1&#10;&#10;Alive count is wrong (26 expected, 7 got):&#10;: #1&#10;alive: 26&#10;     &#10;   o &#10;o  oo&#10;o    &#10;o o&#10;&#10;Please find below the output of your program during this failed test.&#10;Note that the '&gt;' character indicates the beginning of the input line.&#10;&#10;---&#10;&#10;&gt; 5&#10;Generation: #1&#10;Alive: 26&#10;&#10;     &#10;   O &#10;O  OO&#10;O    &#10;O O  &#10;&#10;Generation: #1&#10;Alive: 16&#10;&#10;     &#10;   O &#10;O  O &#10;O  O &#10; O   &#10;&#10;Generation: #1&#10;Alive: 16&#10;&#10;     &#10;    O&#10;  OO &#10;OOO  &#10;     &#10;&#10;Generation: #1&#10;Alive: 24&#10;&#10;     &#10;   O &#10;O OOO&#10; OOO &#10; O   &#10;&#10;Generation: #1&#10;Alive: 15&#10;&#10;     &#10;  OO &#10;O    &#10;     &#10; O   &#10;&#10;Generation: #1&#10;Alive: 6&#10;&#10;  O  &#10;     &#10;     &#10;     &#10;     &#10;&#10;Generation: #1&#10;Alive: 1&#10;&#10;     &#10;     &#10;     &#10;     &#10;     &#10;&#10;Generation: #1&#10;Alive: 0&#10;&#10;     &#10;     &#10;     &#10;     &#10;     &#10;&#10;Generation: #1&#10;Alive: 0&#10;&#10;     &#10;     &#10;     &#10;     &#10;     &#10;&#10;Generation: #1&#10;Alive: 0" type="java.lang.AssertionError">java.lang.AssertionError: Wrong answer in test #1

Alive count is wrong (26 expected, 7 got):
: #1
alive: 26
     
   o 
o  oo
o    
o o

Please find below the output of your program during this failed test.
Note that the '&gt;' character indicates the beginning of the input line.

---

&gt; 5
Generation: #1
Alive: 26

     
   O 
O  OO
O    
O O  

Generation: #1
Alive: 16

     
   O 
O  O 
O  O 
 O   

Generation: #1
Alive: 16

     
    O
  OO 
OOO  
     

Generation: #1
Alive: 24

     
   O 
O OOO
 OOO 
 O   

Generation: #1
Alive: 15

     
  OO 
O    
     
 O   

Generation: #1
Alive: 6

  O  
     
     
     
     

Generation: #1
Alive: 1

     
     
     
     
     

Generation: #1
Alive: 0

     
     
     
     
     

Generation: #1
Alive: 0

     
     
     
     
     

Generation: #1
Alive: 0
	at org.junit.Assert.fail(Assert.java:88)
	at org.hyperskill.hstest.stage.StageTest.start(StageTest.java:103)
	at java.base/jdk.internal.reflect.NativeMethodAccessorImpl.invoke0(Native Method)
	at java.base/jdk.internal.reflect.NativeMethodAccessorImpl.invoke(NativeMethodAccessorImpl.java:62)
	at java.base/jdk.internal.reflect.DelegatingMethodAccessorImpl.invoke(DelegatingMethodAccessorImpl.java:43)
	at java.base/java.lang.reflect.Method.invoke(Method.java:566)
	at org.junit.runners.model.FrameworkMethod$1.runReflectiveCall(FrameworkMethod.java:50)
	at org.junit.internal.runners.model.ReflectiveCallable.run(ReflectiveCallable.java:12)
	at org.junit.runners.model.FrameworkMethod.invokeExplosively(FrameworkMethod.java:47)
	at org.junit.internal.runners.statements.InvokeMethod.evaluate(InvokeMethod.java:17)
	at org.junit.runners.ParentRunner.runLeaf(ParentRunner.java:325)
	at org.junit.runners.BlockJUnit4ClassRunner.runChild(BlockJUnit4ClassRunner.java:78)
	at org.junit.runners.BlockJUnit4ClassRunner.runChild(BlockJUnit4ClassRunner.java:57)
	at org.junit.runners.ParentRunner$3.run(ParentRunner.java:290)
	at org.junit.runners.ParentRunner$1.schedule(ParentRunner.java:71)
	at org.junit.runners.ParentRunner.runChildren(ParentRunner.java:288)
	at org.junit.runners.ParentRunner.access$000(ParentRunner.java:58)
	at org.junit.runners.ParentRunner$2.evaluate(ParentRunner.java:268)
	at org.junit.runners.ParentRunner.run(ParentRunner.java:363)
	at org.gradle.api.internal.tasks.testing.junit.JUnitTestClassExecutor.runTestClass(JUnitTestClassExecutor.java:110)
	at org.gradle.api.internal.tasks.testing.junit.JUnitTestClassExecutor.execute(JUnitTestClassExecutor.java:58)
	at org.gradle.api.internal.tasks.testing.junit.JUnitTestClassExecutor.execute(JUnitTestClassExecutor.java:38)
	at org.gradle.api.internal.tasks.testing.junit.AbstractJUnitTestClassProcessor.processTestClass(AbstractJUnitTestClassProcessor.java:62)
	at org.gradle.api.internal.tasks.testing.SuiteTestClassProcessor.processTestClass(SuiteTestClassProcessor.java:51)
	at java.base/jdk.internal.reflect.NativeMethodAccessorImpl.invoke0(Native Method)
	at java.base/jdk.internal.reflect.NativeMethodAccessorImpl.invoke(NativeMethodAccessorImpl.java:62)
	at java.base/jdk.internal.reflect.DelegatingMethodAccessorImpl.invoke(DelegatingMethodAccessorImpl.java:43)
	at java.base/java.lang.reflect.Method.invoke(Method.java:566)
	at org.gradle.internal.dispatch.ReflectionDispatch.dispatch(ReflectionDispatch.java:36)
	at org.gradle.internal.dispatch.ReflectionDispatch.dispatch(ReflectionDispatch.java:24)
	at org.gradle.internal.dispatch.ContextClassLoaderDispatch.dispatch(ContextClassLoaderDispatch.java:33)
	at org.gradle.internal.dispatch.ProxyDispatchAdapter$DispatchingInvocationHandler.invoke(ProxyDispatchAdapter.java:94)
	at com.sun.proxy.$Proxy2.processTestClass(Unknown Source)
	at org.gradle.api.internal.tasks.testing.worker.TestWorker.processTestClass(TestWorker.java:119)
	at java.base/jdk.internal.reflect.NativeMethodAccessorImpl.invoke0(Native Method)
	at java.base/jdk.internal.reflect.NativeMethodAccessorImpl.invoke(NativeMethodAccessorImpl.java:62)
	at java.base/jdk.internal.reflect.DelegatingMethodAccessorImpl.invoke(DelegatingMethodAccessorImpl.java:43)
	at java.base/java.lang.reflect.Method.invoke(Method.java:566)
	at org.gradle.internal.dispatch.ReflectionDispatch.dispatch(ReflectionDispatch.java:36)
	at org.gradle.internal.dispatch.ReflectionDispatch.dispatch(ReflectionDispatch.java:24)
	at org.gradle.internal.remote.internal.hub.MessageHubBackedObjectConnection$DispatchWrapper.dispatch(MessageHubBackedObjectConnection.java:182)
	at org.gradle.internal.remote.internal.hub.MessageHubBackedObjectConnection$DispatchWrapper.dispatch(MessageHubBackedObjectConnection.java:164)
	at org.gradle.internal.remote.internal.hub.MessageHub$Handler.run(MessageHub.java:414)
	at org.gradle.internal.concurrent.ExecutorPolicy$CatchAndRecordFailures.onExecute(ExecutorPolicy.java:64)
	at org.gradle.internal.concurrent.ManagedExecutorImpl$1.run(ManagedExecutorImpl.java:48)
	at java.base/java.util.concurrent.ThreadPoolExecutor.runWorker(ThreadPoolExecutor.java:1128)
	at java.base/java.util.concurrent.ThreadPoolExecutor$Worker.run(ThreadPoolExecutor.java:628)
	at org.gradle.internal.concurrent.ThreadFactoryImpl$ManagedThreadRunnable.run(ThreadFactoryImpl.java:56)
	at java.base/java.lang.Thread.run(Thread.java:834)
</failure>
  </testcase>
  <system-out><![CDATA[?[1;31m
Start test 1?[0m
> 5
Generation: #1
Alive: 26

     
   O 
O  OO
O    
O O  

Generation: #1
Alive: 16

     
   O 
O  O 
O  O 
 O   

Generation: #1
Alive: 16

     
    O
  OO 
OOO  
     

Generation: #1
Alive: 24

     
   O 
O OOO
 OOO 
 O   

Generation: #1
Alive: 15

     
  OO 
O    
     
 O   

Generation: #1
Alive: 6

  O  
     
     
     
     

Generation: #1
Alive: 1

     
     
     
     
     

Generation: #1
Alive: 0

     
     
     
     
     

Generation: #1
Alive: 0

     
     
     
     
     

Generation: #1
Alive: 0

     
     
     
     
     

]]></system-out>
  <system-err><![CDATA[]]></system-err>
</testsuite>
